<?xml version="1.0" encoding="UTF-8"?>
<!-- Generated by org.testng.reporters.JUnitXMLReporter -->
<testsuite hostname="MacBook-Air.local" name="Default test" tests="4" failures="0" timestamp="13 May 2021 12:03:43 GMT" time="0.079" errors="0">
  <testcase name="TestCase1" time="0.023" classname="com.object.TestNG.SampleTestCase"/>
  <testcase name="TestCase2" time="0.002" classname="com.object.TestNG.SampleTestCase"/>
  <testcase name="TestCase3" time="0.001" classname="com.object.TestNG.SampleTestCase"/>
  <testcase name="TestCase4" time="0.002" classname="com.object.TestNG.SampleTestCase"/>
</testsuite> <!-- Default test -->
