<?xml version="1.0" encoding="UTF-8"?>
<testng-results skipped="0" failed="0" total="4" passed="4">
  <reporter-output>
  </reporter-output>
  <suite name="Default suite" duration-ms="79" started-at="2021-05-13T12:03:38Z" finished-at="2021-05-13T12:03:38Z">
    <groups>
    </groups>
    <test name="Default test" duration-ms="79" started-at="2021-05-13T12:03:38Z" finished-at="2021-05-13T12:03:38Z">
      <class name="com.object.TestNG.SampleTestCase">
        <test-method status="PASS" signature="TestCase1()[pri:0, instance:com.object.TestNG.SampleTestCase@1fbc7afb]" name="TestCase1" duration-ms="23" started-at="2021-05-13T17:33:38Z" finished-at="2021-05-13T17:33:38Z">
          <reporter-output>
          </reporter-output>
        </test-method> <!-- TestCase1 -->
        <test-method status="PASS" signature="TestCase2()[pri:0, instance:com.object.TestNG.SampleTestCase@1fbc7afb]" name="TestCase2" duration-ms="2" started-at="2021-05-13T17:33:38Z" finished-at="2021-05-13T17:33:38Z">
          <reporter-output>
          </reporter-output>
        </test-method> <!-- TestCase2 -->
        <test-method status="PASS" signature="TestCase3()[pri:0, instance:com.object.TestNG.SampleTestCase@1fbc7afb]" name="TestCase3" duration-ms="1" started-at="2021-05-13T17:33:38Z" finished-at="2021-05-13T17:33:38Z">
          <reporter-output>
          </reporter-output>
        </test-method> <!-- TestCase3 -->
        <test-method status="PASS" signature="TestCase4()[pri:0, instance:com.object.TestNG.SampleTestCase@1fbc7afb]" name="TestCase4" duration-ms="2" started-at="2021-05-13T17:33:38Z" finished-at="2021-05-13T17:33:38Z">
          <reporter-output>
          </reporter-output>
        </test-method> <!-- TestCase4 -->
      </class> <!-- com.object.TestNG.SampleTestCase -->
    </test> <!-- Default test -->
  </suite> <!-- Default suite -->
</testng-results>
